avrdude.exe: Version 6.4
             Copyright (c) Brian Dean, http://www.bdmicro.com/
             Copyright (c) Joerg Wunsch

             System wide configuration file is "C:\Users\USER\Downloads\avrdude-6.4-mingw32\avrdude.conf"

             Using Port                    : usb
             Using Programmer              : usbasp
avrdude.exe: seen device from vendor ->www.fischl.de<-
avrdude.exe: seen product ->USBasp<-
             AVR Part                      : ATtiny10
             Chip Erase delay              : 0 us
             PAGEL                         : P00
             BS2                           : P00
             RESET disposition             : dedicated
             RETRY pulse                   : SCK
             serial program mode           : yes
             parallel program mode         : yes
             Timeout                       : 0
             StabDelay                     : 0
             CmdexeDelay                   : 0
             SyncLoops                     : 0
             ByteDelay                     : 0
             PollIndex                     : 0
             PollValue                     : 0x00
             Memory Detail                 :

                                      Block Poll               Page                       Polled
               Memory Type Mode Delay Size  Indx Paged  Size   Size #Pages MinW  MaxW   ReadBack
               ----------- ---- ----- ----- ---- ------ ------ ---- ------ ----- ----- ---------
               signature      0     0     0    0 no          3   16      0     0     0 0x00 0x00
               fuse           0     0     4    0 no          1   16      0     0     0 0x00 0x00
               calibration    0     0     0    0 no          1   16      0     0     0 0x00 0x00
               lockbits       0     0     0    0 no          1   16      0     0     0 0x00 0x00
               flash          0     0   128    0 no       1024   16      0     0     0 0x00 0x00

             Programmer Type : usbasp
             Description     : USBasp, http://www.fischl.de/usbasp/

avrdude.exe: AVR device initialized and ready to accept instructions

Reading | ################################################## | 100% -0.00s

avrdude.exe: Device signature = 0x1e9003 (probably t10)
avrdude.exe: NOTE: "flash" memory has been specified, an erase cycle will be performed
             To disable this feature, specify the -D option.
avrdude.exe: erasing chip
avrdude.exe: reading input file "c:\users\user\Documents\Atmel Studio\7.0\FizzBuzzATTiny10\FizzBuzzATTiny10\Debug\FizzBuzzATTiny10.hex"
avrdude.exe: writing flash (636 bytes):

Writing | ################################################## | 100% 2.29s

avrdude.exe: 636 bytes of flash written
avrdude.exe: verifying flash memory against c:\users\user\Documents\Atmel Studio\7.0\FizzBuzzATTiny10\FizzBuzzATTiny10\Debug\FizzBuzzATTiny10.hex:
avrdude.exe: load data flash data from input file c:\users\user\Documents\Atmel Studio\7.0\FizzBuzzATTiny10\FizzBuzzATTiny10\Debug\FizzBuzzATTiny10.hex:
avrdude.exe: input file c:\users\user\Documents\Atmel Studio\7.0\FizzBuzzATTiny10\FizzBuzzATTiny10\Debug\FizzBuzzATTiny10.hex contains 636 bytes
avrdude.exe: reading on-chip flash data:

Reading | ################################################## | 100% 0.25s

avrdude.exe: verifying ...
avrdude.exe: 636 bytes of flash verified

avrdude.exe done.  Thank you.

